PramanaApp/app/build/intermediates/manifest_merge_blame_file/debug/processDebugMainManifest/manifest-merger-blame-debug-report.txt
1<?xml version="1.0" encoding="utf-8"?>
2<manifest xmlns:android="http://schemas.android.com/apk/res/android"
3    package="com.example.truthlens"
4    android:versionCode="1"
5    android:versionName="1.0" >
6
7    <uses-sdk
8        android:minSdkVersion="24"
9        android:targetSdkVersion="34" />
10
11    <!-- 🌐 Internet permission for API calls -->
12    <uses-permission android:name="android.permission.INTERNET" />
12-->src/main/AndroidManifest.xml:5:5-67
12-->src/main/AndroidManifest.xml:5:22-64
13
14    <permission
14-->[androidx.core:core:1.13.0] AndroidManifest.xml:22:5-24:47
15        android:name="com.example.truthlens.DYNAMIC_RECEIVER_NOT_EXPORTED_PERMISSION"
15-->[androidx.core:core:1.13.0] AndroidManifest.xml:23:9-81
16        android:protectionLevel="signature" />
16-->[androidx.core:core:1.13.0] AndroidManifest.xml:24:9-44
17
18    <uses-permission android:name="com.example.truthlens.DYNAMIC_RECEIVER_NOT_EXPORTED_PERMISSION" />
18-->[androidx.core:core:1.13.0] AndroidManifest.xml:26:5-97
18-->[androidx.core:core:1.13.0] AndroidManifest.xml:26:22-94
19
20    <application
20-->src/main/AndroidManifest.xml:7:5-50:19
21        android:allowBackup="true"
21-->src/main/AndroidManifest.xml:8:9-35
22        android:appComponentFactory="androidx.core.app.CoreComponentFactory"
22-->[androidx.core:core:1.13.0] AndroidManifest.xml:28:18-86
23        android:debuggable="true"
24        android:extractNativeLibs="false"
25        android:icon="@mipmap/ic_launcher"
25-->src/main/AndroidManifest.xml:10:9-43
26        android:label="Pramana"
26-->src/main/AndroidManifest.xml:9:9-32
27        android:roundIcon="@mipmap/ic_launcher_round"
27-->src/main/AndroidManifest.xml:11:9-54
28        android:supportsRtl="true"
28-->src/main/AndroidManifest.xml:12:9-35
29        android:testOnly="true"
30        android:theme="@style/Theme.MaterialComponents.DayNight.NoActionBar" >
30-->src/main/AndroidManifest.xml:13:9-77
31
32        <!-- 📤 Handles shared text/images from other apps -->
33        <activity
33-->src/main/AndroidManifest.xml:16:9-28:20
34            android:name="com.example.truthlens.ShareReceiverActivity"
34-->src/main/AndroidManifest.xml:17:13-50
35            android:exported="true"
35-->src/main/AndroidManifest.xml:18:13-36
36            android:theme="@style/Theme.Transparent" > <!-- 🔹 Transparent theme -->
36-->src/main/AndroidManifest.xml:19:13-53
37            <intent-filter>
37-->src/main/AndroidManifest.xml:20:13-27:29
38                <action android:name="android.intent.action.SEND" />
38-->src/main/AndroidManifest.xml:21:17-69
38-->src/main/AndroidManifest.xml:21:25-66
39
40                <category android:name="android.intent.category.DEFAULT" />
40-->src/main/AndroidManifest.xml:22:17-76
40-->src/main/AndroidManifest.xml:22:27-73
41
42                <!-- Support text + image -->
43                <data android:mimeType="text/plain" />
43-->src/main/AndroidManifest.xml:25:17-55
43-->src/main/AndroidManifest.xml:25:23-52
44                <data android:mimeType="image/*" />
44-->src/main/AndroidManifest.xml:25:17-55
44-->src/main/AndroidManifest.xml:25:23-52
45            </intent-filter>
46        </activity>
47
48        <!-- 📋 VerifyActivity (opened manually via the app) -->
49        <activity
49-->src/main/AndroidManifest.xml:31:9-33:40
50            android:name="com.example.truthlens.VerifyActivity"
50-->src/main/AndroidManifest.xml:32:13-43
51            android:exported="false" />
51-->src/main/AndroidManifest.xml:33:13-37
52
53        <!-- 🕘 HistoryActivity (placeholder) -->
54        <activity
54-->src/main/AndroidManifest.xml:36:9-38:40
55            android:name="com.example.truthlens.HistoryActivity"
55-->src/main/AndroidManifest.xml:37:13-44
56            android:exported="false" />
56-->src/main/AndroidManifest.xml:38:13-37
57
58        <!-- 🚀 Main launcher screen -->
59        <activity
59-->src/main/AndroidManifest.xml:41:9-48:20
60            android:name="com.example.truthlens.MainActivity"
60-->src/main/AndroidManifest.xml:42:13-41
61            android:exported="true" >
61-->src/main/AndroidManifest.xml:43:13-36
62            <intent-filter>
62-->src/main/AndroidManifest.xml:44:13-47:29
63                <action android:name="android.intent.action.MAIN" />
63-->src/main/AndroidManifest.xml:45:17-69
63-->src/main/AndroidManifest.xml:45:25-66
64
65                <category android:name="android.intent.category.LAUNCHER" />
65-->src/main/AndroidManifest.xml:46:17-77
65-->src/main/AndroidManifest.xml:46:27-74
66            </intent-filter>
67        </activity>
68        <activity
68-->[androidx.compose.ui:ui-tooling-android:1.6.8] AndroidManifest.xml:23:9-25:39
69            android:name="androidx.compose.ui.tooling.PreviewActivity"
69-->[androidx.compose.ui:ui-tooling-android:1.6.8] AndroidManifest.xml:24:13-71
70            android:exported="true" />
70-->[androidx.compose.ui:ui-tooling-android:1.6.8] AndroidManifest.xml:25:13-36
71
72        <provider
72-->[androidx.emoji2:emoji2:1.3.0] AndroidManifest.xml:24:9-32:20
73            android:name="androidx.startup.InitializationProvider"
73-->[androidx.emoji2:emoji2:1.3.0] AndroidManifest.xml:25:13-67
74            android:authorities="com.example.truthlens.androidx-startup"
74-->[androidx.emoji2:emoji2:1.3.0] AndroidManifest.xml:26:13-68
75            android:exported="false" >
75-->[androidx.emoji2:emoji2:1.3.0] AndroidManifest.xml:27:13-37
76            <meta-data
76-->[androidx.emoji2:emoji2:1.3.0] AndroidManifest.xml:29:13-31:52
77                android:name="androidx.emoji2.text.EmojiCompatInitializer"
77-->[androidx.emoji2:emoji2:1.3.0] AndroidManifest.xml:30:17-75
78                android:value="androidx.startup" />
78-->[androidx.emoji2:emoji2:1.3.0] AndroidManifest.xml:31:17-49
79            <meta-data
79-->[androidx.lifecycle:lifecycle-process:2.7.0] AndroidManifest.xml:29:13-31:52
80                android:name="androidx.lifecycle.ProcessLifecycleInitializer"
80-->[androidx.lifecycle:lifecycle-process:2.7.0] AndroidManifest.xml:30:17-78
81                android:value="androidx.startup" />
81-->[androidx.lifecycle:lifecycle-process:2.7.0] AndroidManifest.xml:31:17-49
82            <meta-data
82-->[androidx.profileinstaller:profileinstaller:1.3.1] AndroidManifest.xml:29:13-31:52
83                android:name="androidx.profileinstaller.ProfileInstallerInitializer"
83-->[androidx.profileinstaller:profileinstaller:1.3.1] AndroidManifest.xml:30:17-85
84                android:value="androidx.startup" />
84-->[androidx.profileinstaller:profileinstaller:1.3.1] AndroidManifest.xml:31:17-49
85        </provider>
86
87        <receiver
87-->[androidx.profileinstaller:profileinstaller:1.3.1] AndroidManifest.xml:34:9-52:20
88            android:name="androidx.profileinstaller.ProfileInstallReceiver"
88-->[androidx.profileinstaller:profileinstaller:1.3.1] AndroidManifest.xml:35:13-76
89            android:directBootAware="false"
89-->[androidx.profileinstaller:profileinstaller:1.3.1] AndroidManifest.xml:36:13-44
90            android:enabled="true"
90-->[androidx.profileinstaller:profileinstaller:1.3.1] AndroidManifest.xml:37:13-35
91            android:exported="true"
91-->[androidx.profileinstaller:profileinstaller:1.3.1] AndroidManifest.xml:38:13-36
92            android:permission="android.permission.DUMP" >
92-->[androidx.profileinstaller:profileinstaller:1.3.1] AndroidManifest.xml:39:13-57
93            <intent-filter>
93-->[androidx.profileinstaller:profileinstaller:1.3.1] AndroidManifest.xml:40:13-42:29
94                <action android:name="androidx.profileinstaller.action.INSTALL_PROFILE" />
94-->[androidx.profileinstaller:profileinstaller:1.3.1] AndroidManifest.xml:41:17-91
94-->[androidx.profileinstaller:profileinstaller:1.3.1] AndroidManifest.xml:41:25-88
95            </intent-filter>
96            <intent-filter>
96-->[androidx.profileinstaller:profileinstaller:1.3.1] AndroidManifest.xml:43:13-45:29
97                <action android:name="androidx.profileinstaller.action.SKIP_FILE" />
97-->[androidx.profileinstaller:profileinstaller:1.3.1] AndroidManifest.xml:44:17-85
97-->[androidx.profileinstaller:profileinstaller:1.3.1] AndroidManifest.xml:44:25-82
98            </intent-filter>
99            <intent-filter>
99-->[androidx.profileinstaller:profileinstaller:1.3.1] AndroidManifest.xml:46:13-48:29
100                <action android:name="androidx.profileinstaller.action.SAVE_PROFILE" />
100-->[androidx.profileinstaller:profileinstaller:1.3.1] AndroidManifest.xml:47:17-88
100-->[androidx.profileinstaller:profileinstaller:1.3.1] AndroidManifest.xml:47:25-85
101            </intent-filter>
102            <intent-filter>
102-->[androidx.profileinstaller:profileinstaller:1.3.1] AndroidManifest.xml:49:13-51:29
103                <action android:name="androidx.profileinstaller.action.BENCHMARK_OPERATION" />
103-->[androidx.profileinstaller:profileinstaller:1.3.1] AndroidManifest.xml:50:17-95
103-->[androidx.profileinstaller:profileinstaller:1.3.1] AndroidManifest.xml:50:25-92
104            </intent-filter>
105        </receiver>
106    </application>
107
108</manifest>